{
  "RSpec": {
    "coverage": {
      "/Users/zachbanks/Desktop/fresh_dorm_cleaning/app/controllers/application_controller.rb": [
        1,
        1,
        null
      ],
      "/Users/zachbanks/Desktop/fresh_dorm_cleaning/app/helpers/application_helper.rb": [
        1,
        null,
        1,
        null,
        1,
        6,
        6,
        null,
        null
      ],
      "/Users/zachbanks/Desktop/fresh_dorm_cleaning/app/helpers/formatting_helper.rb": [
        1,
        null,
        null,
        null,
        null,
        null,
        1,
        6,
        6,
        null,
        5,
        5,
        null,
        5,
        null,
        3,
        null,
        1,
        null,
        1,
        null,
        null,
        null
      ],
      "/Users/zachbanks/Desktop/fresh_dorm_cleaning/app/helpers/feedback_message_helper.rb": [
        1,
        null
      ],
      "/Users/zachbanks/Desktop/fresh_dorm_cleaning/app/helpers/pages_helper.rb": [
        1,
        null
      ],
      "/Users/zachbanks/Desktop/fresh_dorm_cleaning/app/controllers/feedback_messages_controller.rb": [
        1,
        1,
        null,
        1,
        null,
        null,
        1,
        2,
        1,
        1,
        null,
        1,
        null,
        null,
        null
      ],
      "/Users/zachbanks/Desktop/fresh_dorm_cleaning/app/models/feedback_message.rb": [
        1,
        1,
        1,
        1,
        null,
        null,
        null,
        null,
        null,
        null,
        null,
        null,
        null,
        null,
        null,
        null,
        null,
        null,
        null
      ],
      "/Users/zachbanks/Desktop/fresh_dorm_cleaning/lib/validators/email_format_validator.rb": [
        1,
        1,
        null,
        24,
        5,
        null,
        null,
        null
      ],
      "/Users/zachbanks/Desktop/fresh_dorm_cleaning/app/controllers/pages_controller.rb": [
        1,
        1,
        null,
        null,
        1,
        null,
        null
      ],
      "/Users/zachbanks/Desktop/fresh_dorm_cleaning/app/mailers/mailer.rb": [
        1,
        1,
        3,
        3,
        null,
        null
      ],
      "/Users/zachbanks/Desktop/fresh_dorm_cleaning/app/models/appointment.rb": [
        1,
        1,
        null,
        1,
        null,
        1,
        1,
        null,
        null,
        null,
        null,
        null,
        null,
        null,
        null,
        null,
        null,
        null,
        null
      ],
      "/Users/zachbanks/Desktop/fresh_dorm_cleaning/app/models/client.rb": [
        1,
        1,
        1,
        null,
        1,
        1,
        1,
        null,
        1,
        null,
        null,
        1,
        9,
        1,
        null,
        8,
        null,
        null,
        null,
        null,
        1,
        1,
        1,
        6,
        1,
        null,
        null,
        1,
        null,
        null,
        null,
        null,
        null,
        null,
        null,
        null,
        null,
        null,
        null,
        null,
        null,
        null,
        null,
        null,
        null
      ],
      "/Users/zachbanks/Desktop/fresh_dorm_cleaning/lib/validators/phone_number_formats_validator.rb": [
        1,
        1,
        17,
        13,
        1,
        null,
        null,
        null,
        1,
        null,
        null,
        null,
        null,
        null,
        null,
        null,
        null,
        null,
        1,
        13,
        13,
        13,
        13,
        null,
        13,
        13,
        null,
        13,
        16,
        12,
        12,
        null,
        null,
        13,
        null,
        null
      ],
      "/Users/zachbanks/Desktop/fresh_dorm_cleaning/lib/custom_code/confidential_data.rb": [
        null,
        null,
        null,
        1,
        1,
        null,
        null,
        1,
        6,
        null,
        null,
        null,
        1,
        1,
        null,
        null,
        null
      ]
    },
    "timestamp": 1323089817
  }
}
